<?xml version="1.0" encoding="UTF-8"?>
<testsuite xmlns:xsi="http://www.w3.org/2001/XMLSchema-instance" xsi:noNamespaceSchemaLocation="https://maven.apache.org/surefire/maven-surefire-plugin/xsd/surefire-test-report.xsd" name="hello.ApplicationMockMvcTests" time="4.453" tests="5" errors="0" skipped="0" failures="1">
  <properties>
[...]
</properties>
  <testcase name="checkPersonInfoWhenNameTooShortThenFailure" classname="hello.ApplicationMockMvcTests" time="1.376"/>
  <testcase name="checkPersonInfoWhenValidRequestThenSuccess" classname="hello.ApplicationMockMvcTests" time="0.029">
    <failure message="Unexpected binding/validation errors: org.springframework.validation.BeanPropertyBindingResult: 5 errors&#10;Field error in object &apos;dataForm&apos; on field &apos;date&apos;: rejected value [null]; codes [NotNull.dataForm.date,NotNull.date,NotNull.java.time.LocalDate,NotNull]; arguments [org.springframework.context.support.DefaultMessageSourceResolvable: codes [dataForm.date,date]; arguments []; default message [date]]; default message [must not be null]&#10;Field error in object &apos;dataForm&apos; on field &apos;sigName&apos;: rejected value [null]; codes [NotNull.dataForm.sigName,NotNull.sigName,NotNull.java.lang.String,NotNull]; arguments [org.springframework.context.support.DefaultMessageSourceResolvable: codes [dataForm.sigName,sigName]; arguments []; default message [sigName]]; default message [must not be null]&#10;Field error in object &apos;dataForm&apos; on field &apos;wordCount&apos;: rejected value [null]; codes [NotNull.dataForm.wordCount,NotNull.wordCount,NotNull.java.lang.Integer,NotNull]; arguments [org.springframework.context.support.DefaultMessageSourceResolvable: codes [dataForm.wordCount,wordCount]; arguments []; default message [wordCount]]; default message [must not be null]&#10;Field error in object &apos;dataForm&apos; on field &apos;caseNumber&apos;: rejected value [null]; codes [NotNull.dataForm.caseNumber,NotNull.caseNumber,NotNull.java.lang.String,NotNull]; arguments [org.springframework.context.support.DefaultMessageSourceResolvable: codes [dataForm.caseNumber,caseNumber]; arguments []; default message [caseNumber]]; default message [must not be null]&#10;Field error in object &apos;dataForm&apos; on field &apos;briefCount&apos;: rejected value [null]; codes [NotNull.dataForm.briefCount,NotNull.briefCount,NotNull.java.lang.Integer,NotNull]; arguments [org.springframework.context.support.DefaultMessageSourceResolvable: codes [dataForm.briefCount,briefCount]; arguments []; default message [briefCount]]; default message [must not be null]" type="java.lang.AssertionError">java.lang.AssertionError: 
Unexpected binding/validation errors: org.springframework.validation.BeanPropertyBindingResult: 5 errors
Field error in object 'dataForm' on field 'date': rejected value [null]; codes [NotNull.dataForm.date,NotNull.date,NotNull.java.time.LocalDate,NotNull]; arguments [org.springframework.context.support.DefaultMessageSourceResolvable: codes [dataForm.date,date]; arguments []; default message [date]]; default message [must not be null]
Field error in object 'dataForm' on field 'sigName': rejected value [null]; codes [NotNull.dataForm.sigName,NotNull.sigName,NotNull.java.lang.String,NotNull]; arguments [org.springframework.context.support.DefaultMessageSourceResolvable: codes [dataForm.sigName,sigName]; arguments []; default message [sigName]]; default message [must not be null]
Field error in object 'dataForm' on field 'wordCount': rejected value [null]; codes [NotNull.dataForm.wordCount,NotNull.wordCount,NotNull.java.lang.Integer,NotNull]; arguments [org.springframework.context.support.DefaultMessageSourceResolvable: codes [dataForm.wordCount,wordCount]; arguments []; default message [wordCount]]; default message [must not be null]
Field error in object 'dataForm' on field 'caseNumber': rejected value [null]; codes [NotNull.dataForm.caseNumber,NotNull.caseNumber,NotNull.java.lang.String,NotNull]; arguments [org.springframework.context.support.DefaultMessageSourceResolvable: codes [dataForm.caseNumber,caseNumber]; arguments []; default message [caseNumber]]; default message [must not be null]
Field error in object 'dataForm' on field 'briefCount': rejected value [null]; codes [NotNull.dataForm.briefCount,NotNull.briefCount,NotNull.java.lang.Integer,NotNull]; arguments [org.springframework.context.support.DefaultMessageSourceResolvable: codes [dataForm.briefCount,briefCount]; arguments []; default message [briefCount]]; default message [must not be null]
	at hello.ApplicationMockMvcTests.checkPersonInfoWhenValidRequestThenSuccess(ApplicationMockMvcTests.java:83)
</failure>
    <system-out><![CDATA[
MockHttpServletRequest:
      HTTP Method = POST
      Request URI = /
       Parameters = {name=[Rob], age=[20]}
          Headers = []
             Body = null
    Session Attrs = {}

Handler:
             Type = hello.WebController
           Method = hello.WebController#checkFilledData(DataForm, BindingResult)

Async:
    Async started = false
     Async result = null

Resolved Exception:
             Type = null

ModelAndView:
        View name = data_template
             View = null
        Attribute = dataForm
            value = DataForm{caseNumber='null', wordCount=null, briefCount=null, sigName='null'}
           errors = [Field error in object 'dataForm' on field 'date': rejected value [null]; codes [NotNull.dataForm.date,NotNull.date,NotNull.java.time.LocalDate,NotNull]; arguments [org.springframework.context.support.DefaultMessageSourceResolvable: codes [dataForm.date,date]; arguments []; default message [date]]; default message [must not be null], Field error in object 'dataForm' on field 'sigName': rejected value [null]; codes [NotNull.dataForm.sigName,NotNull.sigName,NotNull.java.lang.String,NotNull]; arguments [org.springframework.context.support.DefaultMessageSourceResolvable: codes [dataForm.sigName,sigName]; arguments []; default message [sigName]]; default message [must not be null], Field error in object 'dataForm' on field 'wordCount': rejected value [null]; codes [NotNull.dataForm.wordCount,NotNull.wordCount,NotNull.java.lang.Integer,NotNull]; arguments [org.springframework.context.support.DefaultMessageSourceResolvable: codes [dataForm.wordCount,wordCount]; arguments []; default message [wordCount]]; default message [must not be null], Field error in object 'dataForm' on field 'caseNumber': rejected value [null]; codes [NotNull.dataForm.caseNumber,NotNull.caseNumber,NotNull.java.lang.String,NotNull]; arguments [org.springframework.context.support.DefaultMessageSourceResolvable: codes [dataForm.caseNumber,caseNumber]; arguments []; default message [caseNumber]]; default message [must not be null], Field error in object 'dataForm' on field 'briefCount': rejected value [null]; codes [NotNull.dataForm.briefCount,NotNull.briefCount,NotNull.java.lang.Integer,NotNull]; arguments [org.springframework.context.support.DefaultMessageSourceResolvable: codes [dataForm.briefCount,briefCount]; arguments []; default message [briefCount]]; default message [must not be null]]

FlashMap:
       Attributes = null

MockHttpServletResponse:
           Status = 200
    Error message = null
          Headers = [Content-Language:"en", Content-Type:"text/html;charset=UTF-8"]
     Content type = text/html;charset=UTF-8
             Body = <html>
    <body>
        <form action="/" method="post">
            <table>
                <tr>
                    <td>CaseNumber:</td>
                    <td><input type="text" id="caseNumber" name="caseNumber" value="" /></td>
                    <td>must not be null</td>
                </tr>
                <tr>
                    <td>WordCount:</td>
                    <td><input type="text" id="wordCount" name="wordCount" value="" /></td>
                    <td>must not be null</td>
                </tr>
                <tr>
                    <td>BriefCount:</td>
                    <td><input type="text" id="briefCount" name="briefCount" value="" /></td>
                    <td>must not be null</td>
                </tr>
                <tr>
                    <td>SignatureName:</td>
                    <td><input type="text" id="sigName" name="sigName" value="" /></td>
                    <td>must not be null</td>
                </tr>
                <tr>
                    <td>Date:</td>
                    <td><input type="date" id="date" name="date" value="" /></td>
                    <td>must not be null</td>
                </tr>
                <tr>
                    <td><button type="submit">Submit</button></td>
                </tr>
            </table>
        </form>
    </body>
</html>

    Forwarded URL = null
   Redirected URL = null
          Cookies = []
]]></system-out>
  </testcase>
  <testcase name="checkPersonInfoWhenAgeTooYoungThenFailure" classname="hello.ApplicationMockMvcTests" time="0.014"/>
  <testcase name="checkPersonInfoWhenAgeMissingThenFailure" classname="hello.ApplicationMockMvcTests" time="0.014"/>
  <testcase name="checkPersonInfoWhenNameMissingNameThenFailure" classname="hello.ApplicationMockMvcTests" time="0.012"/>
</testsuite>